# JRE version: OpenJDK Runtime Environment (11.0.11+9) (build 11.0.11+9-b60-7590822)
# Java VM: OpenJDK 64-Bit Server VM (11.0.11+9-b60-7590822, mixed mode, tiered, compressed oops, g1 gc, windows-amd64)
Heap:
 garbage-first heap   total 227328K, used 129105K [0x0000000080000000, 0x0000000100000000)
  region size 1024K, 21 young (21504K), 8 survivors (8192K)
 Metaspace       used 103754K, capacity 106372K, committed 106488K, reserved 1140736K
  class space    used 13282K, capacity 14262K, committed 14336K, reserved 1048576K
GC Heap History (20 events):
Event: 14.701 GC heap before
{Heap before GC invocations=15 (full 0):
 garbage-first heap   total 189440K, used 131121K [0x0000000080000000, 0x0000000100000000)
  region size 1024K, 73 young (74752K), 10 survivors (10240K)
 Metaspace       used 56994K, capacity 58693K, committed 58880K, reserved 1099776K
  class space    used 7343K, capacity 7889K, committed 7936K, reserved 1048576K
}
Event: 14.721 GC heap after
{Heap after GC invocations=16 (full 0):
 garbage-first heap   total 189440K, used 72597K [0x0000000080000000, 0x0000000100000000)
  region size 1024K, 6 young (6144K), 6 survivors (6144K)
 Metaspace       used 56994K, capacity 58693K, committed 58880K, reserved 1099776K
  class space    used 7343K, capacity 7889K, committed 7936K, reserved 1048576K
}
Event: 16.446 GC heap before
{Heap before GC invocations=16 (full 0):
 garbage-first heap   total 189440K, used 135061K [0x0000000080000000, 0x0000000100000000)
  region size 1024K, 67 young (68608K), 6 survivors (6144K)
 Metaspace       used 65847K, capacity 67706K, committed 67840K, reserved 1107968K
  class space    used 8455K, capacity 9101K, committed 9216K, reserved 1048576K
}
Event: 16.464 GC heap after
{Heap after GC invocations=17 (full 0):
 garbage-first heap   total 227328K, used 75419K [0x0000000080000000, 0x0000000100000000)
  region size 1024K, 3 young (3072K), 3 survivors (3072K)
 Metaspace       used 65847K, capacity 67706K, committed 67840K, reserved 1107968K
  class space    used 8455K, capacity 9101K, committed 9216K, reserved 1048576K
}
Event: 16.579 GC heap before
{Heap before GC invocations=17 (full 0):
 garbage-first heap   total 227328K, used 77467K [0x0000000080000000, 0x0000000100000000)
  region size 1024K, 6 young (6144K), 3 survivors (3072K)
 Metaspace       used 66954K, capacity 68829K, committed 68864K, reserved 1110016K
  class space    used 8569K, capacity 9198K, committed 9216K, reserved 1048576K
}
Event: 16.591 GC heap after
{Heap after GC invocations=18 (full 0):
 garbage-first heap   total 227328K, used 76073K [0x0000000080000000, 0x0000000100000000)
  region size 1024K, 4 young (4096K), 4 survivors (4096K)
 Metaspace       used 66954K, capacity 68829K, committed 68864K, reserved 1110016K
  class space    used 8569K, capacity 9198K, committed 9216K, reserved 1048576K
}
Event: 18.294 GC heap before
{Heap before GC invocations=19 (full 0):
 garbage-first heap   total 227328K, used 144681K [0x0000000080000000, 0x0000000100000000)
  region size 1024K, 71 young (72704K), 4 survivors (4096K)
 Metaspace       used 71738K, capacity 73751K, committed 73848K, reserved 1114112K
  class space    used 9191K, capacity 9844K, committed 9856K, reserved 1048576K
}
Event: 18.312 GC heap after
{Heap after GC invocations=20 (full 0):
 garbage-first heap   total 227328K, used 80863K [0x0000000080000000, 0x0000000100000000)
  region size 1024K, 9 young (9216K), 9 survivors (9216K)
 Metaspace       used 71738K, capacity 73751K, committed 73848K, reserved 1114112K
  class space    used 9191K, capacity 9844K, committed 9856K, reserved 1048576K
}
Event: 19.724 GC heap before
{Heap before GC invocations=20 (full 0):
 garbage-first heap   total 227328K, used 151519K [0x0000000080000000, 0x0000000100000000)
  region size 1024K, 78 young (79872K), 9 survivors (9216K)
 Metaspace       used 77191K, capacity 79274K, committed 79480K, reserved 1118208K
  class space    used 10069K, capacity 10808K, committed 10880K, reserved 1048576K
}
Event: 19.764 GC heap after
{Heap after GC invocations=21 (full 0):
 garbage-first heap   total 227328K, used 85322K [0x0000000080000000, 0x0000000100000000)
  region size 1024K, 5 young (5120K), 5 survivors (5120K)
 Metaspace       used 77191K, capacity 79274K, committed 79480K, reserved 1118208K
  class space    used 10069K, capacity 10808K, committed 10880K, reserved 1048576K
}
Event: 21.622 GC heap before
{Heap before GC invocations=21 (full 0):
 garbage-first heap   total 227328K, used 172362K [0x0000000080000000, 0x0000000100000000)
  region size 1024K, 81 young (82944K), 5 survivors (5120K)
 Metaspace       used 83568K, capacity 85733K, committed 85880K, reserved 1124352K
  class space    used 10812K, capacity 11601K, committed 11648K, reserved 1048576K
}
Event: 21.637 GC heap after
{Heap after GC invocations=22 (full 0):
 garbage-first heap   total 227328K, used 100682K [0x0000000080000000, 0x0000000100000000)
  region size 1024K, 11 young (11264K), 11 survivors (11264K)
 Metaspace       used 83568K, capacity 85733K, committed 85880K, reserved 1124352K
  class space    used 10812K, capacity 11601K, committed 11648K, reserved 1048576K
}
Event: 23.108 GC heap before
{Heap before GC invocations=22 (full 0):
 garbage-first heap   total 227328K, used 169290K [0x0000000080000000, 0x0000000100000000)
  region size 1024K, 78 young (79872K), 11 survivors (11264K)
 Metaspace       used 91741K, capacity 94039K, committed 94200K, reserved 1130496K
  class space    used 11872K, capacity 12706K, committed 12800K, reserved 1048576K
}
Event: 23.147 GC heap after
{Heap after GC invocations=23 (full 0):
 garbage-first heap   total 227328K, used 104903K [0x0000000080000000, 0x0000000100000000)
  region size 1024K, 5 young (5120K), 5 survivors (5120K)
 Metaspace       used 91741K, capacity 94039K, committed 94200K, reserved 1130496K
  class space    used 11872K, capacity 12706K, committed 12800K, reserved 1048576K
}
Event: 34.617 GC heap before
{Heap before GC invocations=23 (full 0):
 garbage-first heap   total 227328K, used 172487K [0x0000000080000000, 0x0000000100000000)
  region size 1024K, 72 young (73728K), 5 survivors (5120K)
 Metaspace       used 98943K, capacity 101386K, committed 101496K, reserved 1136640K
  class space    used 12711K, capacity 13589K, committed 13696K, reserved 1048576K
}
Event: 34.636 GC heap after
{Heap after GC invocations=24 (full 0):
 garbage-first heap   total 227328K, used 109323K [0x0000000080000000, 0x0000000100000000)
  region size 1024K, 9 young (9216K), 9 survivors (9216K)
 Metaspace       used 98943K, capacity 101386K, committed 101496K, reserved 1136640K
  class space    used 12711K, capacity 13589K, committed 13696K, reserved 1048576K
}
Event: 38.629 GC heap before
{Heap before GC invocations=24 (full 0):
 garbage-first heap   total 227328K, used 175883K [0x0000000080000000, 0x0000000100000000)
  region size 1024K, 75 young (76800K), 9 survivors (9216K)
 Metaspace       used 100825K, capacity 103441K, committed 103672K, reserved 1138688K
  class space    used 12982K, capacity 13954K, committed 14080K, reserved 1048576K
}
Event: 38.649 GC heap after
{Heap after GC invocations=25 (full 0):
 garbage-first heap   total 227328K, used 112280K [0x0000000080000000, 0x0000000100000000)
  region size 1024K, 8 young (8192K), 8 survivors (8192K)
 Metaspace       used 100825K, capacity 103441K, committed 103672K, reserved 1138688K
  class space    used 12982K, capacity 13954K, committed 14080K, reserved 1048576K
}
Event: 40.497 GC heap before
{Heap before GC invocations=25 (full 0):
 garbage-first heap   total 227328K, used 179864K [0x0000000080000000, 0x0000000100000000)
  region size 1024K, 75 young (76800K), 8 survivors (8192K)
 Metaspace       used 102326K, capacity 105049K, committed 105336K, reserved 1140736K
  class space    used 13119K, capacity 14102K, committed 14208K, reserved 1048576K
}
Event: 40.520 GC heap after
{Heap after GC invocations=26 (full 0):
 garbage-first heap   total 227328K, used 116817K [0x0000000080000000, 0x0000000100000000)
  region size 1024K, 8 young (8192K), 8 survivors (8192K)
 Metaspace       used 102326K, capacity 105049K, committed 105336K, reserved 1140736K
  class space    used 13119K, capacity 14102K, committed 14208K, reserved 1048576K
}

