# JRE version: OpenJDK Runtime Environment (11.0.11+9) (build 11.0.11+9-b60-7590822)
# Java VM: OpenJDK 64-Bit Server VM (11.0.11+9-b60-7590822, mixed mode, tiered, compressed oops, g1 gc, windows-amd64)
Heap:
 garbage-first heap   total 227328K, used 125126K [0x0000000080000000, 0x0000000100000000)
  region size 1024K, 27 young (27648K), 9 survivors (9216K)
 Metaspace       used 92311K, capacity 94552K, committed 94744K, reserved 1130496K
  class space    used 11939K, capacity 12719K, committed 12824K, reserved 1048576K
GC Heap History (20 events):
Event: 7.279 GC heap before
{Heap before GC invocations=10 (full 0):
 garbage-first heap   total 157696K, used 92510K [0x0000000080000000, 0x0000000100000000)
  region size 1024K, 55 young (56320K), 2 survivors (2048K)
 Metaspace       used 40641K, capacity 41755K, committed 41984K, reserved 1085440K
  class space    used 5189K, capacity 5589K, committed 5632K, reserved 1048576K
}
Event: 7.296 GC heap after
{Heap after GC invocations=11 (full 0):
 garbage-first heap   total 157696K, used 40757K [0x0000000080000000, 0x0000000100000000)
  region size 1024K, 7 young (7168K), 7 survivors (7168K)
 Metaspace       used 40641K, capacity 41755K, committed 41984K, reserved 1085440K
  class space    used 5189K, capacity 5589K, committed 5632K, reserved 1048576K
}
Event: 8.287 GC heap before
{Heap before GC invocations=12 (full 0):
 garbage-first heap   total 157696K, used 99125K [0x0000000080000000, 0x0000000100000000)
  region size 1024K, 61 young (62464K), 7 survivors (7168K)
 Metaspace       used 44839K, capacity 46097K, committed 46336K, reserved 1089536K
  class space    used 5655K, capacity 6110K, committed 6144K, reserved 1048576K
}
Event: 8.305 GC heap after
{Heap after GC invocations=13 (full 0):
 garbage-first heap   total 189440K, used 49147K [0x0000000080000000, 0x0000000100000000)
  region size 1024K, 6 young (6144K), 6 survivors (6144K)
 Metaspace       used 44839K, capacity 46097K, committed 46336K, reserved 1089536K
  class space    used 5655K, capacity 6110K, committed 6144K, reserved 1048576K
}
Event: 9.685 GC heap before
{Heap before GC invocations=13 (full 0):
 garbage-first heap   total 189440K, used 122875K [0x0000000080000000, 0x0000000100000000)
  region size 1024K, 74 young (75776K), 6 survivors (6144K)
 Metaspace       used 48576K, capacity 50066K, committed 50304K, reserved 1093632K
  class space    used 6265K, capacity 6771K, committed 6784K, reserved 1048576K
}
Event: 9.701 GC heap after
{Heap after GC invocations=14 (full 0):
 garbage-first heap   total 189440K, used 56799K [0x0000000080000000, 0x0000000100000000)
  region size 1024K, 10 young (10240K), 10 survivors (10240K)
 Metaspace       used 48576K, capacity 50066K, committed 50304K, reserved 1093632K
  class space    used 6265K, capacity 6771K, committed 6784K, reserved 1048576K
}
Event: 11.286 GC heap before
{Heap before GC invocations=14 (full 0):
 garbage-first heap   total 189440K, used 134623K [0x0000000080000000, 0x0000000100000000)
  region size 1024K, 82 young (83968K), 10 survivors (10240K)
 Metaspace       used 53195K, capacity 54790K, committed 55040K, reserved 1097728K
  class space    used 6802K, capacity 7333K, committed 7424K, reserved 1048576K
}
Event: 11.309 GC heap after
{Heap after GC invocations=15 (full 0):
 garbage-first heap   total 189440K, used 70132K [0x0000000080000000, 0x0000000100000000)
  region size 1024K, 11 young (11264K), 11 survivors (11264K)
 Metaspace       used 53195K, capacity 54790K, committed 55040K, reserved 1097728K
  class space    used 6802K, capacity 7333K, committed 7424K, reserved 1048576K
}
Event: 12.704 GC heap before
{Heap before GC invocations=15 (full 0):
 garbage-first heap   total 189440K, used 135668K [0x0000000080000000, 0x0000000100000000)
  region size 1024K, 76 young (77824K), 11 survivors (11264K)
 Metaspace       used 62254K, capacity 64117K, committed 64384K, reserved 1105920K
  class space    used 7919K, capacity 8564K, committed 8576K, reserved 1048576K
}
Event: 12.728 GC heap after
{Heap after GC invocations=16 (full 0):
 garbage-first heap   total 189440K, used 75729K [0x0000000080000000, 0x0000000100000000)
  region size 1024K, 5 young (5120K), 5 survivors (5120K)
 Metaspace       used 62254K, capacity 64117K, committed 64384K, reserved 1105920K
  class space    used 7919K, capacity 8564K, committed 8576K, reserved 1048576K
}
Event: 13.794 GC heap before
{Heap before GC invocations=16 (full 0):
 garbage-first heap   total 189440K, used 142289K [0x0000000080000000, 0x0000000100000000)
  region size 1024K, 69 young (70656K), 5 survivors (5120K)
 Metaspace       used 66232K, capacity 68058K, committed 68224K, reserved 1107968K
  class space    used 8440K, capacity 9077K, committed 9088K, reserved 1048576K
}
Event: 13.809 GC heap after
{Heap after GC invocations=17 (full 0):
 garbage-first heap   total 227328K, used 79825K [0x0000000080000000, 0x0000000100000000)
  region size 1024K, 9 young (9216K), 9 survivors (9216K)
 Metaspace       used 66232K, capacity 68058K, committed 68224K, reserved 1107968K
  class space    used 8440K, capacity 9077K, committed 9088K, reserved 1048576K
}
Event: 14.352 GC heap before
{Heap before GC invocations=17 (full 0):
 garbage-first heap   total 227328K, used 106449K [0x0000000080000000, 0x0000000100000000)
  region size 1024K, 36 young (36864K), 9 survivors (9216K)
 Metaspace       used 68523K, capacity 70350K, committed 70400K, reserved 1110016K
  class space    used 8780K, capacity 9436K, committed 9472K, reserved 1048576K
}
Event: 14.374 GC heap after
{Heap after GC invocations=18 (full 0):
 garbage-first heap   total 227328K, used 82091K [0x0000000080000000, 0x0000000100000000)
  region size 1024K, 7 young (7168K), 7 survivors (7168K)
 Metaspace       used 68523K, capacity 70350K, committed 70400K, reserved 1110016K
  class space    used 8780K, capacity 9436K, committed 9472K, reserved 1048576K
}
Event: 16.211 GC heap before
{Heap before GC invocations=19 (full 0):
 garbage-first heap   total 227328K, used 166059K [0x0000000080000000, 0x0000000100000000)
  region size 1024K, 81 young (82944K), 7 survivors (7168K)
 Metaspace       used 74782K, capacity 76767K, committed 76824K, reserved 1116160K
  class space    used 9753K, capacity 10473K, committed 10520K, reserved 1048576K
}
Event: 16.232 GC heap after
{Heap after GC invocations=20 (full 0):
 garbage-first heap   total 227328K, used 98802K [0x0000000080000000, 0x0000000100000000)
  region size 1024K, 10 young (10240K), 10 survivors (10240K)
 Metaspace       used 74782K, capacity 76767K, committed 76824K, reserved 1116160K
  class space    used 9753K, capacity 10473K, committed 10520K, reserved 1048576K
}
Event: 17.793 GC heap before
{Heap before GC invocations=21 (full 0):
 garbage-first heap   total 227328K, used 169458K [0x0000000080000000, 0x0000000100000000)
  region size 1024K, 79 young (80896K), 10 survivors (10240K)
 Metaspace       used 81300K, capacity 83424K, committed 83480K, reserved 1122304K
  class space    used 10502K, capacity 11232K, committed 11288K, reserved 1048576K
}
Event: 17.813 GC heap after
{Heap after GC invocations=22 (full 0):
 garbage-first heap   total 227328K, used 102721K [0x0000000080000000, 0x0000000100000000)
  region size 1024K, 4 young (4096K), 4 survivors (4096K)
 Metaspace       used 81300K, capacity 83424K, committed 83480K, reserved 1122304K
  class space    used 10502K, capacity 11232K, committed 11288K, reserved 1048576K
}
Event: 19.458 GC heap before
{Heap before GC invocations=22 (full 0):
 garbage-first heap   total 227328K, used 174401K [0x0000000080000000, 0x0000000100000000)
  region size 1024K, 74 young (75776K), 4 survivors (4096K)
 Metaspace       used 90174K, capacity 92463K, committed 92696K, reserved 1130496K
  class space    used 11620K, capacity 12429K, committed 12568K, reserved 1048576K
}
Event: 19.475 GC heap after
{Heap after GC invocations=23 (full 0):
 garbage-first heap   total 227328K, used 107718K [0x0000000080000000, 0x0000000100000000)
  region size 1024K, 9 young (9216K), 9 survivors (9216K)
 Metaspace       used 90174K, capacity 92463K, committed 92696K, reserved 1130496K
  class space    used 11620K, capacity 12429K, committed 12568K, reserved 1048576K
}

